{
  "stats": {
    "suites": 8,
    "tests": 12,
    "passes": 10,
    "pending": 0,
    "failures": 2,
    "start": "2021-04-07T10:18:22.892Z",
    "end": "2021-04-07T11:03:54.952Z",
    "duration": 121052,
    "testsRegistered": 12,
    "passPercent": 83.33333333333333,
    "pendingPercent": 0,
    "other": 0,
    "hasOther": false,
    "skipped": 0,
    "hasSkipped": false
  },
  "results": [
    {
      "uuid": "f7f16d7d-d564-48a7-b5bb-f1fe0f789b0e",
      "title": "",
      "fullFile": "cypress\\integration\\cucumber-tests\\login.feature",
      "file": "cypress\\integration\\cucumber-tests\\login.feature",
      "beforeHooks": [],
      "afterHooks": [],
      "tests": [],
      "suites": [
        {
          "uuid": "5fa71099-0fd3-4db6-a8cf-f66c2829a2d8",
          "title": "Login to Demo App",
          "fullFile": "",
          "file": "",
          "beforeHooks": [],
          "afterHooks": [],
          "tests": [
            {
              "title": "Invalid Login",
              "fullTitle": "Login to Demo App Invalid Login",
              "timedOut": null,
              "duration": 11259,
              "state": "failed",
              "speed": null,
              "pass": false,
              "fail": true,
              "pending": false,
              "context": "\"F:\\\\Anandhi\\\\workspace\\\\cypressWorkspace\\\\sample-cy-cucumber\\\\TestResults\\\\assets/cucumber-tests\\\\login.feature/Login to Demo App -- Invalid Login (failed).png\"",
              "code": "const state = window.testState;\nreturn cy\n  .then(() => state.onStartScenario(scenario, indexedSteps))\n  .then(() =>\n    resolveAndRunBeforeHooks.call(this, scenario.tags, state.feature.name)\n  )\n  .then(() =>\n    indexedSteps.forEach(step =>\n      stepTest.call(this, state, step, rowData)\n    )\n  )\n  .then(() =>\n    resolveAndRunAfterHooks.call(this, scenario.tags, state.feature.name)\n  )\n  .then(() => state.onFinishScenario(scenario));",
              "err": {
                "message": "CypressError: Timed out after waiting `10000ms` for your remote page to load.\n\nYour page did not fire its `load` event within `10000ms`.\n\nYou can try increasing the `pageLoadTimeout` value in `cypress.json` to wait longer.\n\nBrowsers will not fire the `load` event until all stylesheets and scripts are done downloading.\n\nWhen this `load` event occurs, Cypress will continue running commands.",
                "estack": "CypressError: Timed out after waiting `10000ms` for your remote page to load.\n\nYour page did not fire its `load` event within `10000ms`.\n\nYou can try increasing the `pageLoadTimeout` value in `cypress.json` to wait longer.\n\nBrowsers will not fire the `load` event until all stylesheets and scripts are done downloading.\n\nWhen this `load` event occurs, Cypress will continue running commands.\n    at timedOutWaitingForPageLoad (http://zero.webappsecurity.com/__cypress/runner/cypress_runner.js:156855:13)\n    at http://zero.webappsecurity.com/__cypress/runner/cypress_runner.js:157843:16\n    at tryCatcher (http://zero.webappsecurity.com/__cypress/runner/cypress_runner.js:10325:23)\n    at http://zero.webappsecurity.com/__cypress/runner/cypress_runner.js:5447:41\n    at tryCatcher (http://zero.webappsecurity.com/__cypress/runner/cypress_runner.js:10325:23)\n    at Promise._settlePromiseFromHandler (http://zero.webappsecurity.com/__cypress/runner/cypress_runner.js:8260:31)\n    at Promise._settlePromise (http://zero.webappsecurity.com/__cypress/runner/cypress_runner.js:8317:18)\n    at Promise._settlePromise0 (http://zero.webappsecurity.com/__cypress/runner/cypress_runner.js:8362:10)\n    at Promise._settlePromises (http://zero.webappsecurity.com/__cypress/runner/cypress_runner.js:8438:18)\n    at _drainQueueStep (http://zero.webappsecurity.com/__cypress/runner/cypress_runner.js:5032:12)\n    at _drainQueue (http://zero.webappsecurity.com/__cypress/runner/cypress_runner.js:5025:9)\n    at Async.../../node_modules/bluebird/js/release/async.js.Async._drainQueues (http://zero.webappsecurity.com/__cypress/runner/cypress_runner.js:5041:5)\n    at Async.drainQueues (http://zero.webappsecurity.com/__cypress/runner/cypress_runner.js:4911:14)\nFrom Your Spec Code:\n    at Context.eval (http://zero.webappsecurity.com/__cypress/tests?p=cypress\\integration\\cucumber-tests\\login.feature:125:6)\n    at Context.resolveAndRunStepDefinition (http://zero.webappsecurity.com/__cypress/tests?p=cypress\\integration\\cucumber-tests\\login.feature:10589:9)\n    at Context.eval (http://zero.webappsecurity.com/__cypress/tests?p=cypress\\integration\\cucumber-tests\\login.feature:9931:35)\nFrom Your Spec Code:\n    at Context.eval (http://zero.webappsecurity.com/__cypress/tests?p=cypress\\integration\\cucumber-tests\\login.feature:125:6)\n    at Context.resolveAndRunStepDefinition (http://zero.webappsecurity.com/__cypress/tests?p=cypress\\integration\\cucumber-tests\\login.feature:10589:9)\n    at Context.eval (http://zero.webappsecurity.com/__cypress/tests?p=cypress\\integration\\cucumber-tests\\login.feature:9931:35)",
                "diff": null
              },
              "uuid": "0a3cb2a3-12e3-468f-9ec4-a212271d8b40",
              "parentUUID": "5fa71099-0fd3-4db6-a8cf-f66c2829a2d8",
              "isHook": false,
              "skipped": false
            },
            {
              "title": "Valid Login",
              "fullTitle": "Login to Demo App Valid Login",
              "timedOut": null,
              "duration": 9664,
              "state": "passed",
              "speed": "slow",
              "pass": true,
              "fail": false,
              "pending": false,
              "context": null,
              "code": "const state = window.testState;\nreturn cy\n  .then(() => state.onStartScenario(scenario, indexedSteps))\n  .then(() =>\n    resolveAndRunBeforeHooks.call(this, scenario.tags, state.feature.name)\n  )\n  .then(() =>\n    indexedSteps.forEach(step =>\n      stepTest.call(this, state, step, rowData)\n    )\n  )\n  .then(() =>\n    resolveAndRunAfterHooks.call(this, scenario.tags, state.feature.name)\n  )\n  .then(() => state.onFinishScenario(scenario));",
              "err": {},
              "uuid": "9c2f727b-6243-4897-bb15-1e89ed033a33",
              "parentUUID": "5fa71099-0fd3-4db6-a8cf-f66c2829a2d8",
              "isHook": false,
              "skipped": false
            }
          ],
          "suites": [],
          "passes": [
            "9c2f727b-6243-4897-bb15-1e89ed033a33"
          ],
          "failures": [
            "0a3cb2a3-12e3-468f-9ec4-a212271d8b40"
          ],
          "pending": [],
          "skipped": [],
          "duration": 20923,
          "root": false,
          "rootEmpty": false,
          "_timeout": 2000
        }
      ],
      "passes": [],
      "failures": [],
      "pending": [],
      "skipped": [],
      "duration": 0,
      "root": true,
      "rootEmpty": true,
      "_timeout": 2000
    },
    {
      "uuid": "b888a321-6abe-4cd6-905e-9dbde309f64b",
      "title": "",
      "fullFile": "cypress\\integration\\cucumber-tests\\feedback.feature",
      "file": "cypress\\integration\\cucumber-tests\\feedback.feature",
      "beforeHooks": [],
      "afterHooks": [],
      "tests": [],
      "suites": [
        {
          "uuid": "a1a1681d-3a09-47f2-a10f-709f90c6af24",
          "title": "Send Feedback as Message",
          "fullFile": "",
          "file": "",
          "beforeHooks": [],
          "afterHooks": [],
          "tests": [
            {
              "title": "Submit Feedback form",
              "fullTitle": "Send Feedback as Message Submit Feedback form",
              "timedOut": null,
              "duration": 11500,
              "state": "passed",
              "speed": "slow",
              "pass": true,
              "fail": false,
              "pending": false,
              "context": null,
              "code": "const state = window.testState;\nreturn cy\n  .then(() => state.onStartScenario(scenario, indexedSteps))\n  .then(() =>\n    resolveAndRunBeforeHooks.call(this, scenario.tags, state.feature.name)\n  )\n  .then(() =>\n    indexedSteps.forEach((step) =>\n      stepTest.call(this, state, step, rowData)\n    )\n  )\n  .then(() =>\n    resolveAndRunAfterHooks.call(this, scenario.tags, state.feature.name)\n  )\n  .then(() => state.onFinishScenario(scenario));",
              "err": {},
              "uuid": "937d5f35-8e2a-4391-b901-b9d8e32b5af0",
              "parentUUID": "a1a1681d-3a09-47f2-a10f-709f90c6af24",
              "isHook": false,
              "skipped": false
            }
          ],
          "suites": [],
          "passes": [
            "937d5f35-8e2a-4391-b901-b9d8e32b5af0"
          ],
          "failures": [],
          "pending": [],
          "skipped": [],
          "duration": 11500,
          "root": false,
          "rootEmpty": false,
          "_timeout": 2000
        }
      ],
      "passes": [],
      "failures": [],
      "pending": [],
      "skipped": [],
      "duration": 0,
      "root": true,
      "rootEmpty": true,
      "_timeout": 2000
    },
    {
      "uuid": "21a588f5-e238-4336-9a25-ced27659de2f",
      "title": "",
      "fullFile": "cypress\\integration\\cucumber-tests\\login.feature",
      "file": "cypress\\integration\\cucumber-tests\\login.feature",
      "beforeHooks": [],
      "afterHooks": [],
      "tests": [],
      "suites": [
        {
          "uuid": "7de6e5b4-4732-43be-b89f-7e76b6937d12",
          "title": "Login to Demo App",
          "fullFile": "",
          "file": "",
          "beforeHooks": [],
          "afterHooks": [],
          "tests": [
            {
              "title": "Invalid Login",
              "fullTitle": "Login to Demo App Invalid Login",
              "timedOut": null,
              "duration": 8935,
              "state": "passed",
              "speed": "slow",
              "pass": true,
              "fail": false,
              "pending": false,
              "context": null,
              "code": "const state = window.testState;\nreturn cy\n  .then(() => state.onStartScenario(scenario, indexedSteps))\n  .then(() =>\n    resolveAndRunBeforeHooks.call(this, scenario.tags, state.feature.name)\n  )\n  .then(() =>\n    indexedSteps.forEach((step) =>\n      stepTest.call(this, state, step, rowData)\n    )\n  )\n  .then(() =>\n    resolveAndRunAfterHooks.call(this, scenario.tags, state.feature.name)\n  )\n  .then(() => state.onFinishScenario(scenario));",
              "err": {},
              "uuid": "01aaf30b-ff48-40a2-a895-41f3ae70adec",
              "parentUUID": "7de6e5b4-4732-43be-b89f-7e76b6937d12",
              "isHook": false,
              "skipped": false
            },
            {
              "title": "Valid Login",
              "fullTitle": "Login to Demo App Valid Login",
              "timedOut": null,
              "duration": 8813,
              "state": "passed",
              "speed": "slow",
              "pass": true,
              "fail": false,
              "pending": false,
              "context": null,
              "code": "const state = window.testState;\nreturn cy\n  .then(() => state.onStartScenario(scenario, indexedSteps))\n  .then(() =>\n    resolveAndRunBeforeHooks.call(this, scenario.tags, state.feature.name)\n  )\n  .then(() =>\n    indexedSteps.forEach((step) =>\n      stepTest.call(this, state, step, rowData)\n    )\n  )\n  .then(() =>\n    resolveAndRunAfterHooks.call(this, scenario.tags, state.feature.name)\n  )\n  .then(() => state.onFinishScenario(scenario));",
              "err": {},
              "uuid": "01661636-6d6b-470d-a9cd-c0dc07b56569",
              "parentUUID": "7de6e5b4-4732-43be-b89f-7e76b6937d12",
              "isHook": false,
              "skipped": false
            }
          ],
          "suites": [],
          "passes": [
            "01aaf30b-ff48-40a2-a895-41f3ae70adec",
            "01661636-6d6b-470d-a9cd-c0dc07b56569"
          ],
          "failures": [],
          "pending": [],
          "skipped": [],
          "duration": 17748,
          "root": false,
          "rootEmpty": false,
          "_timeout": 2000
        }
      ],
      "passes": [],
      "failures": [],
      "pending": [],
      "skipped": [],
      "duration": 0,
      "root": true,
      "rootEmpty": true,
      "_timeout": 2000
    },
    {
      "uuid": "155c840f-e0bb-4c8f-8ce3-988832f7e188",
      "title": "",
      "fullFile": "cypress\\integration\\cucumber-tests\\feedback.feature",
      "file": "cypress\\integration\\cucumber-tests\\feedback.feature",
      "beforeHooks": [],
      "afterHooks": [],
      "tests": [],
      "suites": [
        {
          "uuid": "623431d8-1aab-4b1a-bbb6-b4e44e84616c",
          "title": "Send Feedback as Message",
          "fullFile": "",
          "file": "",
          "beforeHooks": [],
          "afterHooks": [],
          "tests": [
            {
              "title": "Submit Feedback form",
              "fullTitle": "Send Feedback as Message Submit Feedback form",
              "timedOut": null,
              "duration": 9273,
              "state": "passed",
              "speed": "slow",
              "pass": true,
              "fail": false,
              "pending": false,
              "context": null,
              "code": "const state = window.testState;\nreturn cy\n  .then(() => state.onStartScenario(scenario, indexedSteps))\n  .then(() =>\n    resolveAndRunBeforeHooks.call(this, scenario.tags, state.feature.name)\n  )\n  .then(() =>\n    indexedSteps.forEach((step) =>\n      stepTest.call(this, state, step, rowData)\n    )\n  )\n  .then(() =>\n    resolveAndRunAfterHooks.call(this, scenario.tags, state.feature.name)\n  )\n  .then(() => state.onFinishScenario(scenario));",
              "err": {},
              "uuid": "133a9eb1-4914-4651-930a-5fd711549844",
              "parentUUID": "623431d8-1aab-4b1a-bbb6-b4e44e84616c",
              "isHook": false,
              "skipped": false
            }
          ],
          "suites": [],
          "passes": [
            "133a9eb1-4914-4651-930a-5fd711549844"
          ],
          "failures": [],
          "pending": [],
          "skipped": [],
          "duration": 9273,
          "root": false,
          "rootEmpty": false,
          "_timeout": 2000
        }
      ],
      "passes": [],
      "failures": [],
      "pending": [],
      "skipped": [],
      "duration": 0,
      "root": true,
      "rootEmpty": true,
      "_timeout": 2000
    },
    {
      "uuid": "e72697bc-7126-4fb5-839b-48bae29bc212",
      "title": "",
      "fullFile": "cypress\\integration\\cucumber-tests\\login.feature",
      "file": "cypress\\integration\\cucumber-tests\\login.feature",
      "beforeHooks": [],
      "afterHooks": [],
      "tests": [],
      "suites": [
        {
          "uuid": "06648bf9-6506-4864-ad65-d779f694d75c",
          "title": "Login to Demo App",
          "fullFile": "",
          "file": "",
          "beforeHooks": [],
          "afterHooks": [],
          "tests": [
            {
              "title": "Invalid Login",
              "fullTitle": "Login to Demo App Invalid Login",
              "timedOut": null,
              "duration": 7347,
              "state": "passed",
              "speed": "slow",
              "pass": true,
              "fail": false,
              "pending": false,
              "context": null,
              "code": "const state = window.testState;\nreturn cy\n  .then(() => state.onStartScenario(scenario, indexedSteps))\n  .then(() =>\n    resolveAndRunBeforeHooks.call(this, scenario.tags, state.feature.name)\n  )\n  .then(() =>\n    indexedSteps.forEach((step) =>\n      stepTest.call(this, state, step, rowData)\n    )\n  )\n  .then(() =>\n    resolveAndRunAfterHooks.call(this, scenario.tags, state.feature.name)\n  )\n  .then(() => state.onFinishScenario(scenario));",
              "err": {},
              "uuid": "a1f5c1a9-1343-49f2-8a71-650241652002",
              "parentUUID": "06648bf9-6506-4864-ad65-d779f694d75c",
              "isHook": false,
              "skipped": false
            },
            {
              "title": "Valid Login",
              "fullTitle": "Login to Demo App Valid Login",
              "timedOut": null,
              "duration": 6820,
              "state": "passed",
              "speed": "slow",
              "pass": true,
              "fail": false,
              "pending": false,
              "context": null,
              "code": "const state = window.testState;\nreturn cy\n  .then(() => state.onStartScenario(scenario, indexedSteps))\n  .then(() =>\n    resolveAndRunBeforeHooks.call(this, scenario.tags, state.feature.name)\n  )\n  .then(() =>\n    indexedSteps.forEach((step) =>\n      stepTest.call(this, state, step, rowData)\n    )\n  )\n  .then(() =>\n    resolveAndRunAfterHooks.call(this, scenario.tags, state.feature.name)\n  )\n  .then(() => state.onFinishScenario(scenario));",
              "err": {},
              "uuid": "e5b020df-1986-4c70-ac58-88a11461a955",
              "parentUUID": "06648bf9-6506-4864-ad65-d779f694d75c",
              "isHook": false,
              "skipped": false
            }
          ],
          "suites": [],
          "passes": [
            "a1f5c1a9-1343-49f2-8a71-650241652002",
            "e5b020df-1986-4c70-ac58-88a11461a955"
          ],
          "failures": [],
          "pending": [],
          "skipped": [],
          "duration": 14167,
          "root": false,
          "rootEmpty": false,
          "_timeout": 2000
        }
      ],
      "passes": [],
      "failures": [],
      "pending": [],
      "skipped": [],
      "duration": 0,
      "root": true,
      "rootEmpty": true,
      "_timeout": 2000
    },
    {
      "uuid": "a65e7c46-f0cb-403f-8e46-c147c65fe344",
      "title": "",
      "fullFile": "cypress\\integration\\cucumber-tests\\feedback.feature",
      "file": "cypress\\integration\\cucumber-tests\\feedback.feature",
      "beforeHooks": [],
      "afterHooks": [],
      "tests": [],
      "suites": [
        {
          "uuid": "02ffd66d-1b71-476e-b68b-44ea64211dbe",
          "title": "Send Feedback as Message",
          "fullFile": "",
          "file": "",
          "beforeHooks": [],
          "afterHooks": [],
          "tests": [
            {
              "title": "Submit Feedback form",
              "fullTitle": "Send Feedback as Message Submit Feedback form",
              "timedOut": null,
              "duration": 9178,
              "state": "passed",
              "speed": "slow",
              "pass": true,
              "fail": false,
              "pending": false,
              "context": null,
              "code": "const state = window.testState;\nreturn cy\n  .then(() => state.onStartScenario(scenario, indexedSteps))\n  .then(() =>\n    resolveAndRunBeforeHooks.call(this, scenario.tags, state.feature.name)\n  )\n  .then(() =>\n    indexedSteps.forEach((step) =>\n      stepTest.call(this, state, step, rowData)\n    )\n  )\n  .then(() =>\n    resolveAndRunAfterHooks.call(this, scenario.tags, state.feature.name)\n  )\n  .then(() => state.onFinishScenario(scenario));",
              "err": {},
              "uuid": "a8aaa3a1-3842-48df-8aef-013ea7cbe1f5",
              "parentUUID": "02ffd66d-1b71-476e-b68b-44ea64211dbe",
              "isHook": false,
              "skipped": false
            }
          ],
          "suites": [],
          "passes": [
            "a8aaa3a1-3842-48df-8aef-013ea7cbe1f5"
          ],
          "failures": [],
          "pending": [],
          "skipped": [],
          "duration": 9178,
          "root": false,
          "rootEmpty": false,
          "_timeout": 2000
        }
      ],
      "passes": [],
      "failures": [],
      "pending": [],
      "skipped": [],
      "duration": 0,
      "root": true,
      "rootEmpty": true,
      "_timeout": 2000
    },
    {
      "uuid": "13a67a22-8e43-4f32-b061-1fa07f19c50d",
      "title": "",
      "fullFile": "cypress\\integration\\cucumber-tests\\login.feature",
      "file": "cypress\\integration\\cucumber-tests\\login.feature",
      "beforeHooks": [],
      "afterHooks": [],
      "tests": [],
      "suites": [
        {
          "uuid": "c764483d-245f-4f0e-8895-213e9e08b1ed",
          "title": "Login to Demo App",
          "fullFile": "",
          "file": "",
          "beforeHooks": [],
          "afterHooks": [],
          "tests": [
            {
              "title": "Invalid Login",
              "fullTitle": "Login to Demo App Invalid Login",
              "timedOut": null,
              "duration": 14378,
              "state": "failed",
              "speed": null,
              "pass": false,
              "fail": true,
              "pending": false,
              "context": "\"F:\\\\Anandhi\\\\workspace\\\\cypressWorkspace\\\\sample-cy-cucumber\\\\TestResults\\\\assets/cucumber-tests\\\\login.feature/Login to Demo App -- Invalid Login (failed).png\"",
              "code": "const state = window.testState;\nreturn cy\n  .then(() => state.onStartScenario(scenario, indexedSteps))\n  .then(() =>\n    resolveAndRunBeforeHooks.call(this, scenario.tags, state.feature.name)\n  )\n  .then(() =>\n    indexedSteps.forEach((step) =>\n      stepTest.call(this, state, step, rowData)\n    )\n  )\n  .then(() =>\n    resolveAndRunAfterHooks.call(this, scenario.tags, state.feature.name)\n  )\n  .then(() => state.onFinishScenario(scenario));",
              "err": {
                "message": "AssertionError: Timed out retrying after 5000ms: Expected to find content: 'Failed Login' but never did.",
                "estack": "AssertionError: Timed out retrying after 5000ms: Expected to find content: 'Failed Login' but never did.\n    at Context.eval (http://zero.webappsecurity.com/__cypress/tests?p=cypress\\integration\\cucumber-tests\\login.feature:143:31)\n    at Context.resolveAndRunStepDefinition (http://zero.webappsecurity.com/__cypress/tests?p=cypress\\integration\\cucumber-tests\\login.feature:10591:9)\n    at Context.eval (http://zero.webappsecurity.com/__cypress/tests?p=cypress\\integration\\cucumber-tests\\login.feature:9934:35)",
                "diff": null
              },
              "uuid": "17ef6006-9985-4c37-86d2-de83631e393c",
              "parentUUID": "c764483d-245f-4f0e-8895-213e9e08b1ed",
              "isHook": false,
              "skipped": false
            },
            {
              "title": "Valid Login",
              "fullTitle": "Login to Demo App Valid Login",
              "timedOut": null,
              "duration": 10295,
              "state": "passed",
              "speed": "slow",
              "pass": true,
              "fail": false,
              "pending": false,
              "context": null,
              "code": "const state = window.testState;\nreturn cy\n  .then(() => state.onStartScenario(scenario, indexedSteps))\n  .then(() =>\n    resolveAndRunBeforeHooks.call(this, scenario.tags, state.feature.name)\n  )\n  .then(() =>\n    indexedSteps.forEach((step) =>\n      stepTest.call(this, state, step, rowData)\n    )\n  )\n  .then(() =>\n    resolveAndRunAfterHooks.call(this, scenario.tags, state.feature.name)\n  )\n  .then(() => state.onFinishScenario(scenario));",
              "err": {},
              "uuid": "b79edd34-538e-49eb-a8c6-43144e2bf1ba",
              "parentUUID": "c764483d-245f-4f0e-8895-213e9e08b1ed",
              "isHook": false,
              "skipped": false
            }
          ],
          "suites": [],
          "passes": [
            "b79edd34-538e-49eb-a8c6-43144e2bf1ba"
          ],
          "failures": [
            "17ef6006-9985-4c37-86d2-de83631e393c"
          ],
          "pending": [],
          "skipped": [],
          "duration": 24673,
          "root": false,
          "rootEmpty": false,
          "_timeout": 2000
        }
      ],
      "passes": [],
      "failures": [],
      "pending": [],
      "skipped": [],
      "duration": 0,
      "root": true,
      "rootEmpty": true,
      "_timeout": 2000
    },
    {
      "uuid": "3e624fc3-ae57-4ce2-8278-646e376d3a0f",
      "title": "",
      "fullFile": "cypress\\integration\\cucumber-tests\\feedback.feature",
      "file": "cypress\\integration\\cucumber-tests\\feedback.feature",
      "beforeHooks": [],
      "afterHooks": [],
      "tests": [],
      "suites": [
        {
          "uuid": "db335a68-ebc1-4c08-b879-e59d7602c01f",
          "title": "Send Feedback as Message",
          "fullFile": "",
          "file": "",
          "beforeHooks": [],
          "afterHooks": [],
          "tests": [
            {
              "title": "Submit Feedback form",
              "fullTitle": "Send Feedback as Message Submit Feedback form",
              "timedOut": null,
              "duration": 13590,
              "state": "passed",
              "speed": "slow",
              "pass": true,
              "fail": false,
              "pending": false,
              "context": null,
              "code": "const state = window.testState;\nreturn cy\n  .then(() => state.onStartScenario(scenario, indexedSteps))\n  .then(() =>\n    resolveAndRunBeforeHooks.call(this, scenario.tags, state.feature.name)\n  )\n  .then(() =>\n    indexedSteps.forEach(step =>\n      stepTest.call(this, state, step, rowData)\n    )\n  )\n  .then(() =>\n    resolveAndRunAfterHooks.call(this, scenario.tags, state.feature.name)\n  )\n  .then(() => state.onFinishScenario(scenario));",
              "err": {},
              "uuid": "38526c55-37e7-4cd6-842a-9ad44c4c1178",
              "parentUUID": "db335a68-ebc1-4c08-b879-e59d7602c01f",
              "isHook": false,
              "skipped": false
            }
          ],
          "suites": [],
          "passes": [
            "38526c55-37e7-4cd6-842a-9ad44c4c1178"
          ],
          "failures": [],
          "pending": [],
          "skipped": [],
          "duration": 13590,
          "root": false,
          "rootEmpty": false,
          "_timeout": 2000
        }
      ],
      "passes": [],
      "failures": [],
      "pending": [],
      "skipped": [],
      "duration": 0,
      "root": true,
      "rootEmpty": true,
      "_timeout": 2000
    }
  ],
  "meta": {
    "mocha": {
      "version": "7.0.1"
    },
    "mochawesome": {
      "options": {
        "quiet": false,
        "reportFilename": "mochawesome",
        "saveHtml": false,
        "saveJson": true,
        "consoleReporter": "spec",
        "useInlineDiffs": false,
        "code": true
      },
      "version": "6.2.2"
    },
    "marge": {
      "options": {
        "id": "default",
        "reportDir": "cypress/results/mochawesome",
        "overwrite": false,
        "html": false,
        "json": true
      },
      "version": "5.2.0"
    }
  }
}